<?xml version="1.0" encoding="UTF-8"?>
<!-- Generated by org.testng.reporters.JUnitReportReporter -->
<testsuite hostname="DT-CT-AVINASH" failures="0" tests="1" name="steps.TestClass" time="0.957" errors="0" timestamp="2024-12-11T18:28:53 IST" skipped="0">
  <testcase classname="steps.TestClass" name="register" time="0.957"/>
</testsuite> <!-- steps.TestClass -->
