<?xml version="1.0" encoding="UTF-8"?>
<!-- Generated by org.testng.reporters.JUnitReportReporter -->
<testsuite hostname="DT-CT-AVINASH" failures="0" tests="6" name="runner.DigiSimulationRunner" time="6.741" errors="0" timestamp="2024-12-27T13:09:49 IST" skipped="0">
  <testcase classname="runner.DigiSimulationRunner" name="runScenario" time="0.310"/>
  <testcase classname="runner.DigiSimulationRunner" name="runScenario" time="0.471"/>
  <testcase classname="runner.DigiSimulationRunner" name="runScenario" time="1.750"/>
  <testcase classname="runner.DigiSimulationRunner" name="runScenario" time="0.274"/>
  <testcase classname="runner.DigiSimulationRunner" name="runScenario" time="1.621"/>
  <testcase classname="runner.DigiSimulationRunner" name="runScenario" time="2.315"/>
</testsuite> <!-- runner.DigiSimulationRunner -->
