<?xml version="1.0" encoding="UTF-8"?>
<!-- Generated by org.testng.reporters.JUnitReportReporter -->
<testsuite hostname="DT-CT-AVINASH" failures="0" tests="5" name="runner.DigiSimulationRunner" time="6.215" errors="0" timestamp="2024-12-31T15:21:52 IST" skipped="0">
  <testcase classname="runner.DigiSimulationRunner" name="runScenario" time="0.278"/>
  <testcase classname="runner.DigiSimulationRunner" name="runScenario" time="1.606"/>
  <testcase classname="runner.DigiSimulationRunner" name="runScenario" time="0.653"/>
  <testcase classname="runner.DigiSimulationRunner" name="runScenario" time="3.302"/>
  <testcase classname="runner.DigiSimulationRunner" name="runScenario" time="0.376"/>
</testsuite> <!-- runner.DigiSimulationRunner -->
