<?xml version="1.0" encoding="UTF-8"?>
<!-- Generated by org.testng.reporters.JUnitReportReporter -->
<testsuite hostname="DT-CT-AVINASH" failures="0" tests="6" name="runner.DigiSimulationRunner" time="3.156" errors="0" timestamp="2024-12-23T18:34:33 IST" skipped="0">
  <testcase classname="runner.DigiSimulationRunner" name="runScenario" time="0.314"/>
  <testcase classname="runner.DigiSimulationRunner" name="runScenario" time="0.316"/>
  <testcase classname="runner.DigiSimulationRunner" name="runScenario" time="0.246"/>
  <testcase classname="runner.DigiSimulationRunner" name="runScenario" time="0.259"/>
  <testcase classname="runner.DigiSimulationRunner" name="runScenario" time="1.470"/>
  <testcase classname="runner.DigiSimulationRunner" name="runScenario" time="0.551"/>
</testsuite> <!-- runner.DigiSimulationRunner -->
