<?xml version="1.0" encoding="UTF-8"?>
<!-- Generated by org.testng.reporters.JUnitReportReporter -->
<testsuite hostname="DT-CT-AVINASH" failures="0" tests="4" name="runner.DigiSimulationRunner" time="2.660" errors="0" timestamp="2024-12-30T16:40:14 IST" skipped="0">
  <testcase classname="runner.DigiSimulationRunner" name="runScenario" time="0.314"/>
  <testcase classname="runner.DigiSimulationRunner" name="runScenario" time="1.674"/>
  <testcase classname="runner.DigiSimulationRunner" name="runScenario" time="0.379"/>
  <testcase classname="runner.DigiSimulationRunner" name="runScenario" time="0.293"/>
</testsuite> <!-- runner.DigiSimulationRunner -->
